Starting fix at 04/22/2025 17:15:15
Starting comprehensive line ending conversion for bash files...
Found 16 files to process
Processing C:\Users\Admin\Documents\GitHub\SENTINEL\bash_modules.d\bash_logout.module...
 Already correct
Processing C:\Users\Admin\Documents\GitHub\SENTINEL\tests\bash_check.sh...
 Already correct
Processing C:\Users\Admin\Documents\GitHub\SENTINEL\tests\ret_test.sh...
 Already correct
Processing C:\Users\Admin\Documents\GitHub\SENTINEL\tests\version.sh...
 Already correct
Processing C:\Users\Admin\Documents\GitHub\SENTINEL\bash_aliases...
 Already correct
Processing C:\Users\Admin\Documents\GitHub\SENTINEL\bash_aliases~...
 Already correct
Processing C:\Users\Admin\Documents\GitHub\SENTINEL\bash_completion...
 Already correct
Processing C:\Users\Admin\Documents\GitHub\SENTINEL\bash_completion~...
 Already correct
Processing C:\Users\Admin\Documents\GitHub\SENTINEL\bash_functions...
 Already correct
Processing C:\Users\Admin\Documents\GitHub\SENTINEL\bash_line_endings_fix.log...
 Fixed!
Processing C:\Users\Admin\Documents\GitHub\SENTINEL\bash_modules...
 Already correct
Processing C:\Users\Admin\Documents\GitHub\SENTINEL\bashrc...
 Already correct
Processing C:\Users\Admin\Documents\GitHub\SENTINEL\bashrc.postcustom...
 Already correct
Processing C:\Users\Admin\Documents\GitHub\SENTINEL\bashrc.precustom...
 Already correct
Processing C:\Users\Admin\Documents\GitHub\SENTINEL\bashrc.precustom~...
 Already correct
Processing C:\Users\Admin\Documents\GitHub\SENTINEL\install.sh...
 Already correct

Conversion Summary:
Files processed: 16
Files already correct: 15
Files converted: 1
Errors encountered: 0

Line ending conversion complete!
Your bash scripts should now work correctly in a Linux environment.
